### ISSUE TITLE
arm pc register off by one issue when debugging

### ISSUE THREAD

**Issue by cq674350529** [qilingframework/qiling#705]
***Describe the bug**
When debugging an arm32 binary with inbuilt gdb feature in qiling framework, I noticed that when hitting a breakpoint, the `pc` register showed in remote gdbserver is not equal to the `breakpoint address`, but equal to `breakpoint address + 4`. This behavior is not consistent to that in real `gdb`.

Part of the debug process is as follows. As we can see, after hitting breakpoint 1 (`0x777f0608`), the pc register is `0x777f060c`, which points to next instruction. However, the instruction(`ldr     r6, [r0, #24]`) at `0x777f0608` is not executed yet. I'm not sure this is the result of considering the arm 3-stage pipeline. From debug view, it's a little confusing.
```gdb
pwndbg> x/10i 0x777f0608
   0x777f0608:  ldr     r6, [r0, #24]
   0x777f060c:  ldreq   r10, [r0]
   0x777f0610:  beq     0x777f0658
   0x777f0614:  ldr     r1, [r5]
   0x777f0618:  sub     r0, r3, #1
   0x777f061c:  add     r4, sp, #88     ; 0x58
   0x777f0620:  add     r12, r4, r3
   0x777f0624:  ldrb    r2, [r1, r0, lsl #2]
   0x777f0628:  strb    r2, [r12, #-72] ; 0xffffffb8
   0x777f062c:  ldr     r1, [r1, r0, lsl #2]
pwndbg> tb *0x777f0608
Temporary breakpoint 1 at 0x777f0608
pwndbg> c
Continuing.

Program received signal SIGTRAP, Trace/breakpoint trap.
0x777f060c in ?? ()
LEGEND: STACK | HEAP | CODE | DATA | RWX | RODATA
────────────────────────────────────────────────────[ REGISTERS ]────────────────────────────────────────────────────

*R0   0x7ff3bb48 —▸ 0x7ff3cd5c —▸ 0x782433 ◂— 0x0
...
*R6   0x778244f8 —▸ 0x6d440 ◂— add    r7, sp, #8
...
*SP   0x7ff3ba80 ◂— 0x0
*PC   0x777f060c ◂— 0x590a000
─────────────────────────────────────────────────────[ DISASM ]──────────────────────────────────────────────────────

 ► 0x777f060c    ldreq  sl, [r0]
    ↓
   0x777f0658    ldr    r3, [pc, #0x4c8]
   0x777f065c    mov    fp, #0
   0x777f0660    ldr    ip, [pc, #0x4c4]
   0x777f0664    add    r3, r8, r3
   0x777f0668    str    r3, [sp, #0xc]
   0x777f066c    mov    r3, r5
   0x777f0670    mov    r2, r3
   0x777f0674    mov    r5, fp
   0x777f0678    b      #0x777f0680 <0x777f0680>
    ↓
   0x777f0680    ldrb   r3, [sl]
──────────────────────────────────────────────────────[ STACK ]──────────────────────────────────────────────────────

00:0000│ sp  0x7ff3ba80 ◂— 0x0
... ↓
────────────────────────────────────────────────────[ BACKTRACE ]────────────────────────────────────────────────────

 ► f 0 777f060c
─────────────────────────────────────────────────────────────────────────────────────────────────────────────────────

pwndbg> i r $r6
r6             0x778244f8       2005026040
pwndbg> x/4wx $r0+0x18
0x7ff3bb60:     0xffffffff      0x00000000      0x00000000      0x00000000
```

**Comment by wtdcode** [comment]
This depends on when Unicorn updates its pc register (before or after calling users' cb), which behaves differently among archs.

**Comment by cq674350529** [comment]
Got it, so there is no proper solution to fix this issue?

**Comment by wtdcode** [comment]
> Got it, so there is no proper solution to fix this issue?

Not sure, maybe we can force Unicorn to update the pc register at a fixed time, either before or after calling users' callback. Let me link this issue to Unicorn2.

https://github.com/unicorn-engine/unicorn/issues/1217

**Comment by xwings** [comment]
Will you be able to try the latest version of Qiling and see if you still face same issue. There is lots of rework since 2021. Feel free to open a new issue if you have any similar problem.
